Compiling the C compiler identification source file "CMakeCCompilerId.c" failed.
Compiler:  
Build flags: 
Id flags:  

The output was:
1
Microsoft (R) Build Engine version 17.0.0+c9eb9dd64 for .NET Framework
Copyright (C) Microsoft Corporation. All rights reserved.

Build started 18/01/2022 5:25:31 PM.
Project "D:\Python\pi-face-recognition\pi-face-recognition\dlib-19.22.1\build\temp.win-amd64-3.7\Release\CMakeFiles\3.22.0\CompilerIdC\CompilerIdC.vcxproj" on node 1 (default targets).
PrepareForBuild:
  Creating directory "Debug\".
C:\Program Files\Microsoft Visual Studio\2022\Community\MSBuild\Microsoft\VC\v170\Microsoft.CppBuild.targets(492,5): warning MSB8003: The WindowsSDKDir property is not defined. Some build tools may not be found. [D:\Python\pi-face-recognition\pi-face-recognition\dlib-19.22.1\build\temp.win-amd64-3.7\Release\CMakeFiles\3.22.0\CompilerIdC\CompilerIdC.vcxproj]
  Creating directory "Debug\CompilerIdC.tlog\".
InitializeBuildStatus:
  Creating "Debug\CompilerIdC.tlog\unsuccessfulbuild" because "AlwaysCreate" was specified.
ClCompile:
  C:\Program Files\Microsoft Visual Studio\2022\Community\VC\Tools\MSVC\14.30.30705\bin\HostX64\x64\CL.exe /c /nologo /W0 /WX- /diagnostics:column /Od /D _MBCS /Gm- /EHsc /RTC1 /MDd /GS /fp:precise /Zc:wchar_t /Zc:forScope /Zc:inline /Fo"Debug\\" /Fd"Debug\vc143.pdb" /external:W0 /Gd /TC /FC /errorReport:queue CMakeCCompilerId.c
  CMakeCCompilerId.c
Link:
  C:\Program Files\Microsoft Visual Studio\2022\Community\VC\Tools\MSVC\14.30.30705\bin\HostX64\x64\link.exe /ERRORREPORT:QUEUE /OUT:".\CompilerIdC.exe" /INCREMENTAL:NO /NOLOGO kernel32.lib user32.lib gdi32.lib winspool.lib comdlg32.lib advapi32.lib shell32.lib ole32.lib oleaut32.lib uuid.lib odbc32.lib odbccp32.lib /MANIFEST /MANIFESTUAC:"level='asInvoker' uiAccess='false'" /manifest:embed /PDB:".\CompilerIdC.pdb" /SUBSYSTEM:CONSOLE /TLBID:1 /DYNAMICBASE /NXCOMPAT /IMPLIB:".\CompilerIdC.lib" /MACHINE:X64 Debug\CMakeCCompilerId.obj
LINK : fatal error LNK1181: cannot open input file 'kernel32.lib' [D:\Python\pi-face-recognition\pi-face-recognition\dlib-19.22.1\build\temp.win-amd64-3.7\Release\CMakeFiles\3.22.0\CompilerIdC\CompilerIdC.vcxproj]
Done Building Project "D:\Python\pi-face-recognition\pi-face-recognition\dlib-19.22.1\build\temp.win-amd64-3.7\Release\CMakeFiles\3.22.0\CompilerIdC\CompilerIdC.vcxproj" (default targets) -- FAILED.

Build FAILED.

"D:\Python\pi-face-recognition\pi-face-recognition\dlib-19.22.1\build\temp.win-amd64-3.7\Release\CMakeFiles\3.22.0\CompilerIdC\CompilerIdC.vcxproj" (default target) (1) ->
(PrepareForBuild target) -> 
  C:\Program Files\Microsoft Visual Studio\2022\Community\MSBuild\Microsoft\VC\v170\Microsoft.CppBuild.targets(492,5): warning MSB8003: The WindowsSDKDir property is not defined. Some build tools may not be found. [D:\Python\pi-face-recognition\pi-face-recognition\dlib-19.22.1\build\temp.win-amd64-3.7\Release\CMakeFiles\3.22.0\CompilerIdC\CompilerIdC.vcxproj]


"D:\Python\pi-face-recognition\pi-face-recognition\dlib-19.22.1\build\temp.win-amd64-3.7\Release\CMakeFiles\3.22.0\CompilerIdC\CompilerIdC.vcxproj" (default target) (1) ->
(Link target) -> 
  LINK : fatal error LNK1181: cannot open input file 'kernel32.lib' [D:\Python\pi-face-recognition\pi-face-recognition\dlib-19.22.1\build\temp.win-amd64-3.7\Release\CMakeFiles\3.22.0\CompilerIdC\CompilerIdC.vcxproj]

    1 Warning(s)
    1 Error(s)

Time Elapsed 00:00:01.86


Compiling the C compiler identification source file "CMakeCCompilerId.c" failed.
Compiler:  
Build flags: 
Id flags:  

The output was:
1
Microsoft (R) Build Engine version 17.0.0+c9eb9dd64 for .NET Framework
Copyright (C) Microsoft Corporation. All rights reserved.

Build started 18/01/2022 5:25:34 PM.
Project "D:\Python\pi-face-recognition\pi-face-recognition\dlib-19.22.1\build\temp.win-amd64-3.7\Release\CMakeFiles\3.22.0\CompilerIdC\CompilerIdC.vcxproj" on node 1 (default targets).
PrepareForBuild:
  Creating directory "Debug\".
C:\Program Files\Microsoft Visual Studio\2022\Community\MSBuild\Microsoft\VC\v170\Microsoft.CppBuild.targets(492,5): warning MSB8003: The WindowsSDKDir property is not defined. Some build tools may not be found. [D:\Python\pi-face-recognition\pi-face-recognition\dlib-19.22.1\build\temp.win-amd64-3.7\Release\CMakeFiles\3.22.0\CompilerIdC\CompilerIdC.vcxproj]
  Creating directory "Debug\CompilerIdC.tlog\".
InitializeBuildStatus:
  Creating "Debug\CompilerIdC.tlog\unsuccessfulbuild" because "AlwaysCreate" was specified.
ClCompile:
  C:\Program Files\Microsoft Visual Studio\2022\Community\VC\Tools\MSVC\14.30.30705\bin\HostX64\x64\CL.exe /c /nologo /W0 /WX- /diagnostics:column /Od /D _MBCS /Gm- /EHsc /RTC1 /MDd /GS /fp:precise /Zc:wchar_t /Zc:forScope /Zc:inline /Fo"Debug\\" /Fd"Debug\vc143.pdb" /external:W0 /Gd /TC /FC /errorReport:queue CMakeCCompilerId.c
  CMakeCCompilerId.c
Link:
  C:\Program Files\Microsoft Visual Studio\2022\Community\VC\Tools\MSVC\14.30.30705\bin\HostX64\x64\link.exe /ERRORREPORT:QUEUE /OUT:".\CompilerIdC.exe" /INCREMENTAL:NO /NOLOGO kernel32.lib user32.lib gdi32.lib winspool.lib comdlg32.lib advapi32.lib shell32.lib ole32.lib oleaut32.lib uuid.lib odbc32.lib odbccp32.lib /MANIFEST /MANIFESTUAC:"level='asInvoker' uiAccess='false'" /manifest:embed /PDB:".\CompilerIdC.pdb" /SUBSYSTEM:CONSOLE /TLBID:1 /DYNAMICBASE /NXCOMPAT /IMPLIB:".\CompilerIdC.lib" /MACHINE:X64 Debug\CMakeCCompilerId.obj
LINK : fatal error LNK1181: cannot open input file 'kernel32.lib' [D:\Python\pi-face-recognition\pi-face-recognition\dlib-19.22.1\build\temp.win-amd64-3.7\Release\CMakeFiles\3.22.0\CompilerIdC\CompilerIdC.vcxproj]
Done Building Project "D:\Python\pi-face-recognition\pi-face-recognition\dlib-19.22.1\build\temp.win-amd64-3.7\Release\CMakeFiles\3.22.0\CompilerIdC\CompilerIdC.vcxproj" (default targets) -- FAILED.

Build FAILED.

"D:\Python\pi-face-recognition\pi-face-recognition\dlib-19.22.1\build\temp.win-amd64-3.7\Release\CMakeFiles\3.22.0\CompilerIdC\CompilerIdC.vcxproj" (default target) (1) ->
(PrepareForBuild target) -> 
  C:\Program Files\Microsoft Visual Studio\2022\Community\MSBuild\Microsoft\VC\v170\Microsoft.CppBuild.targets(492,5): warning MSB8003: The WindowsSDKDir property is not defined. Some build tools may not be found. [D:\Python\pi-face-recognition\pi-face-recognition\dlib-19.22.1\build\temp.win-amd64-3.7\Release\CMakeFiles\3.22.0\CompilerIdC\CompilerIdC.vcxproj]


"D:\Python\pi-face-recognition\pi-face-recognition\dlib-19.22.1\build\temp.win-amd64-3.7\Release\CMakeFiles\3.22.0\CompilerIdC\CompilerIdC.vcxproj" (default target) (1) ->
(Link target) -> 
  LINK : fatal error LNK1181: cannot open input file 'kernel32.lib' [D:\Python\pi-face-recognition\pi-face-recognition\dlib-19.22.1\build\temp.win-amd64-3.7\Release\CMakeFiles\3.22.0\CompilerIdC\CompilerIdC.vcxproj]

    1 Warning(s)
    1 Error(s)

Time Elapsed 00:00:01.39


Compiling the CXX compiler identification source file "CMakeCXXCompilerId.cpp" failed.
Compiler:  
Build flags: 
Id flags:  

The output was:
1
Microsoft (R) Build Engine version 17.0.0+c9eb9dd64 for .NET Framework
Copyright (C) Microsoft Corporation. All rights reserved.

Build started 18/01/2022 5:25:36 PM.
Project "D:\Python\pi-face-recognition\pi-face-recognition\dlib-19.22.1\build\temp.win-amd64-3.7\Release\CMakeFiles\3.22.0\CompilerIdCXX\CompilerIdCXX.vcxproj" on node 1 (default targets).
PrepareForBuild:
  Creating directory "Debug\".
C:\Program Files\Microsoft Visual Studio\2022\Community\MSBuild\Microsoft\VC\v170\Microsoft.CppBuild.targets(492,5): warning MSB8003: The WindowsSDKDir property is not defined. Some build tools may not be found. [D:\Python\pi-face-recognition\pi-face-recognition\dlib-19.22.1\build\temp.win-amd64-3.7\Release\CMakeFiles\3.22.0\CompilerIdCXX\CompilerIdCXX.vcxproj]
  Creating directory "Debug\CompilerIdCXX.tlog\".
InitializeBuildStatus:
  Creating "Debug\CompilerIdCXX.tlog\unsuccessfulbuild" because "AlwaysCreate" was specified.
ClCompile:
  C:\Program Files\Microsoft Visual Studio\2022\Community\VC\Tools\MSVC\14.30.30705\bin\HostX64\x64\CL.exe /c /nologo /W0 /WX- /diagnostics:column /Od /D _MBCS /Gm- /EHsc /RTC1 /MDd /GS /fp:precise /Zc:wchar_t /Zc:forScope /Zc:inline /Fo"Debug\\" /Fd"Debug\vc143.pdb" /external:W0 /Gd /TP /FC /errorReport:queue CMakeCXXCompilerId.cpp
  CMakeCXXCompilerId.cpp
Link:
  C:\Program Files\Microsoft Visual Studio\2022\Community\VC\Tools\MSVC\14.30.30705\bin\HostX64\x64\link.exe /ERRORREPORT:QUEUE /OUT:".\CompilerIdCXX.exe" /INCREMENTAL:NO /NOLOGO kernel32.lib user32.lib gdi32.lib winspool.lib comdlg32.lib advapi32.lib shell32.lib ole32.lib oleaut32.lib uuid.lib odbc32.lib odbccp32.lib /MANIFEST /MANIFESTUAC:"level='asInvoker' uiAccess='false'" /manifest:embed /PDB:".\CompilerIdCXX.pdb" /SUBSYSTEM:CONSOLE /TLBID:1 /DYNAMICBASE /NXCOMPAT /IMPLIB:".\CompilerIdCXX.lib" /MACHINE:X64 Debug\CMakeCXXCompilerId.obj
LINK : fatal error LNK1181: cannot open input file 'kernel32.lib' [D:\Python\pi-face-recognition\pi-face-recognition\dlib-19.22.1\build\temp.win-amd64-3.7\Release\CMakeFiles\3.22.0\CompilerIdCXX\CompilerIdCXX.vcxproj]
Done Building Project "D:\Python\pi-face-recognition\pi-face-recognition\dlib-19.22.1\build\temp.win-amd64-3.7\Release\CMakeFiles\3.22.0\CompilerIdCXX\CompilerIdCXX.vcxproj" (default targets) -- FAILED.

Build FAILED.

"D:\Python\pi-face-recognition\pi-face-recognition\dlib-19.22.1\build\temp.win-amd64-3.7\Release\CMakeFiles\3.22.0\CompilerIdCXX\CompilerIdCXX.vcxproj" (default target) (1) ->
(PrepareForBuild target) -> 
  C:\Program Files\Microsoft Visual Studio\2022\Community\MSBuild\Microsoft\VC\v170\Microsoft.CppBuild.targets(492,5): warning MSB8003: The WindowsSDKDir property is not defined. Some build tools may not be found. [D:\Python\pi-face-recognition\pi-face-recognition\dlib-19.22.1\build\temp.win-amd64-3.7\Release\CMakeFiles\3.22.0\CompilerIdCXX\CompilerIdCXX.vcxproj]


"D:\Python\pi-face-recognition\pi-face-recognition\dlib-19.22.1\build\temp.win-amd64-3.7\Release\CMakeFiles\3.22.0\CompilerIdCXX\CompilerIdCXX.vcxproj" (default target) (1) ->
(Link target) -> 
  LINK : fatal error LNK1181: cannot open input file 'kernel32.lib' [D:\Python\pi-face-recognition\pi-face-recognition\dlib-19.22.1\build\temp.win-amd64-3.7\Release\CMakeFiles\3.22.0\CompilerIdCXX\CompilerIdCXX.vcxproj]

    1 Warning(s)
    1 Error(s)

Time Elapsed 00:00:01.37


Compiling the CXX compiler identification source file "CMakeCXXCompilerId.cpp" failed.
Compiler:  
Build flags: 
Id flags:  

The output was:
1
Microsoft (R) Build Engine version 17.0.0+c9eb9dd64 for .NET Framework
Copyright (C) Microsoft Corporation. All rights reserved.

Build started 18/01/2022 5:25:37 PM.
Project "D:\Python\pi-face-recognition\pi-face-recognition\dlib-19.22.1\build\temp.win-amd64-3.7\Release\CMakeFiles\3.22.0\CompilerIdCXX\CompilerIdCXX.vcxproj" on node 1 (default targets).
PrepareForBuild:
  Creating directory "Debug\".
C:\Program Files\Microsoft Visual Studio\2022\Community\MSBuild\Microsoft\VC\v170\Microsoft.CppBuild.targets(492,5): warning MSB8003: The WindowsSDKDir property is not defined. Some build tools may not be found. [D:\Python\pi-face-recognition\pi-face-recognition\dlib-19.22.1\build\temp.win-amd64-3.7\Release\CMakeFiles\3.22.0\CompilerIdCXX\CompilerIdCXX.vcxproj]
  Creating directory "Debug\CompilerIdCXX.tlog\".
InitializeBuildStatus:
  Creating "Debug\CompilerIdCXX.tlog\unsuccessfulbuild" because "AlwaysCreate" was specified.
ClCompile:
  C:\Program Files\Microsoft Visual Studio\2022\Community\VC\Tools\MSVC\14.30.30705\bin\HostX64\x64\CL.exe /c /nologo /W0 /WX- /diagnostics:column /Od /D _MBCS /Gm- /EHsc /RTC1 /MDd /GS /fp:precise /Zc:wchar_t /Zc:forScope /Zc:inline /Fo"Debug\\" /Fd"Debug\vc143.pdb" /external:W0 /Gd /TP /FC /errorReport:queue CMakeCXXCompilerId.cpp
  CMakeCXXCompilerId.cpp
Link:
  C:\Program Files\Microsoft Visual Studio\2022\Community\VC\Tools\MSVC\14.30.30705\bin\HostX64\x64\link.exe /ERRORREPORT:QUEUE /OUT:".\CompilerIdCXX.exe" /INCREMENTAL:NO /NOLOGO kernel32.lib user32.lib gdi32.lib winspool.lib comdlg32.lib advapi32.lib shell32.lib ole32.lib oleaut32.lib uuid.lib odbc32.lib odbccp32.lib /MANIFEST /MANIFESTUAC:"level='asInvoker' uiAccess='false'" /manifest:embed /PDB:".\CompilerIdCXX.pdb" /SUBSYSTEM:CONSOLE /TLBID:1 /DYNAMICBASE /NXCOMPAT /IMPLIB:".\CompilerIdCXX.lib" /MACHINE:X64 Debug\CMakeCXXCompilerId.obj
LINK : fatal error LNK1181: cannot open input file 'kernel32.lib' [D:\Python\pi-face-recognition\pi-face-recognition\dlib-19.22.1\build\temp.win-amd64-3.7\Release\CMakeFiles\3.22.0\CompilerIdCXX\CompilerIdCXX.vcxproj]
Done Building Project "D:\Python\pi-face-recognition\pi-face-recognition\dlib-19.22.1\build\temp.win-amd64-3.7\Release\CMakeFiles\3.22.0\CompilerIdCXX\CompilerIdCXX.vcxproj" (default targets) -- FAILED.

Build FAILED.

"D:\Python\pi-face-recognition\pi-face-recognition\dlib-19.22.1\build\temp.win-amd64-3.7\Release\CMakeFiles\3.22.0\CompilerIdCXX\CompilerIdCXX.vcxproj" (default target) (1) ->
(PrepareForBuild target) -> 
  C:\Program Files\Microsoft Visual Studio\2022\Community\MSBuild\Microsoft\VC\v170\Microsoft.CppBuild.targets(492,5): warning MSB8003: The WindowsSDKDir property is not defined. Some build tools may not be found. [D:\Python\pi-face-recognition\pi-face-recognition\dlib-19.22.1\build\temp.win-amd64-3.7\Release\CMakeFiles\3.22.0\CompilerIdCXX\CompilerIdCXX.vcxproj]


"D:\Python\pi-face-recognition\pi-face-recognition\dlib-19.22.1\build\temp.win-amd64-3.7\Release\CMakeFiles\3.22.0\CompilerIdCXX\CompilerIdCXX.vcxproj" (default target) (1) ->
(Link target) -> 
  LINK : fatal error LNK1181: cannot open input file 'kernel32.lib' [D:\Python\pi-face-recognition\pi-face-recognition\dlib-19.22.1\build\temp.win-amd64-3.7\Release\CMakeFiles\3.22.0\CompilerIdCXX\CompilerIdCXX.vcxproj]

    1 Warning(s)
    1 Error(s)

Time Elapsed 00:00:01.41


Compiling the C compiler identification source file "CMakeCCompilerId.c" failed.
Compiler:  
Build flags: 
Id flags:  

The output was:
1
Microsoft (R) Build Engine version 17.0.0+c9eb9dd64 for .NET Framework
Copyright (C) Microsoft Corporation. All rights reserved.

Build started 18/01/2022 5:31:43 PM.
Project "D:\Python\pi-face-recognition\pi-face-recognition\dlib-19.22.1\build\temp.win-amd64-3.7\Release\CMakeFiles\3.22.0\CompilerIdC\CompilerIdC.vcxproj" on node 1 (default targets).
PrepareForBuild:
  Creating directory "Debug\".
C:\Program Files\Microsoft Visual Studio\2022\Community\MSBuild\Microsoft\VC\v170\Microsoft.CppBuild.targets(492,5): warning MSB8003: The WindowsSDKDir property is not defined. Some build tools may not be found. [D:\Python\pi-face-recognition\pi-face-recognition\dlib-19.22.1\build\temp.win-amd64-3.7\Release\CMakeFiles\3.22.0\CompilerIdC\CompilerIdC.vcxproj]
  Creating directory "Debug\CompilerIdC.tlog\".
InitializeBuildStatus:
  Creating "Debug\CompilerIdC.tlog\unsuccessfulbuild" because "AlwaysCreate" was specified.
ClCompile:
  C:\Program Files\Microsoft Visual Studio\2022\Community\VC\Tools\MSVC\14.30.30705\bin\HostX64\x64\CL.exe /c /nologo /W0 /WX- /diagnostics:column /Od /D _MBCS /Gm- /EHsc /RTC1 /MDd /GS /fp:precise /Zc:wchar_t /Zc:forScope /Zc:inline /Fo"Debug\\" /Fd"Debug\vc143.pdb" /external:W0 /Gd /TC /FC /errorReport:queue CMakeCCompilerId.c
  CMakeCCompilerId.c
Link:
  C:\Program Files\Microsoft Visual Studio\2022\Community\VC\Tools\MSVC\14.30.30705\bin\HostX64\x64\link.exe /ERRORREPORT:QUEUE /OUT:".\CompilerIdC.exe" /INCREMENTAL:NO /NOLOGO kernel32.lib user32.lib gdi32.lib winspool.lib comdlg32.lib advapi32.lib shell32.lib ole32.lib oleaut32.lib uuid.lib odbc32.lib odbccp32.lib /MANIFEST /MANIFESTUAC:"level='asInvoker' uiAccess='false'" /manifest:embed /PDB:".\CompilerIdC.pdb" /SUBSYSTEM:CONSOLE /TLBID:1 /DYNAMICBASE /NXCOMPAT /IMPLIB:".\CompilerIdC.lib" /MACHINE:X64 Debug\CMakeCCompilerId.obj
LINK : fatal error LNK1181: cannot open input file 'kernel32.lib' [D:\Python\pi-face-recognition\pi-face-recognition\dlib-19.22.1\build\temp.win-amd64-3.7\Release\CMakeFiles\3.22.0\CompilerIdC\CompilerIdC.vcxproj]
Done Building Project "D:\Python\pi-face-recognition\pi-face-recognition\dlib-19.22.1\build\temp.win-amd64-3.7\Release\CMakeFiles\3.22.0\CompilerIdC\CompilerIdC.vcxproj" (default targets) -- FAILED.

Build FAILED.

"D:\Python\pi-face-recognition\pi-face-recognition\dlib-19.22.1\build\temp.win-amd64-3.7\Release\CMakeFiles\3.22.0\CompilerIdC\CompilerIdC.vcxproj" (default target) (1) ->
(PrepareForBuild target) -> 
  C:\Program Files\Microsoft Visual Studio\2022\Community\MSBuild\Microsoft\VC\v170\Microsoft.CppBuild.targets(492,5): warning MSB8003: The WindowsSDKDir property is not defined. Some build tools may not be found. [D:\Python\pi-face-recognition\pi-face-recognition\dlib-19.22.1\build\temp.win-amd64-3.7\Release\CMakeFiles\3.22.0\CompilerIdC\CompilerIdC.vcxproj]


"D:\Python\pi-face-recognition\pi-face-recognition\dlib-19.22.1\build\temp.win-amd64-3.7\Release\CMakeFiles\3.22.0\CompilerIdC\CompilerIdC.vcxproj" (default target) (1) ->
(Link target) -> 
  LINK : fatal error LNK1181: cannot open input file 'kernel32.lib' [D:\Python\pi-face-recognition\pi-face-recognition\dlib-19.22.1\build\temp.win-amd64-3.7\Release\CMakeFiles\3.22.0\CompilerIdC\CompilerIdC.vcxproj]

    1 Warning(s)
    1 Error(s)

Time Elapsed 00:00:01.97


Compiling the C compiler identification source file "CMakeCCompilerId.c" failed.
Compiler:  
Build flags: 
Id flags:  

The output was:
1
Microsoft (R) Build Engine version 17.0.0+c9eb9dd64 for .NET Framework
Copyright (C) Microsoft Corporation. All rights reserved.

Build started 18/01/2022 5:31:45 PM.
Project "D:\Python\pi-face-recognition\pi-face-recognition\dlib-19.22.1\build\temp.win-amd64-3.7\Release\CMakeFiles\3.22.0\CompilerIdC\CompilerIdC.vcxproj" on node 1 (default targets).
PrepareForBuild:
  Creating directory "Debug\".
C:\Program Files\Microsoft Visual Studio\2022\Community\MSBuild\Microsoft\VC\v170\Microsoft.CppBuild.targets(492,5): warning MSB8003: The WindowsSDKDir property is not defined. Some build tools may not be found. [D:\Python\pi-face-recognition\pi-face-recognition\dlib-19.22.1\build\temp.win-amd64-3.7\Release\CMakeFiles\3.22.0\CompilerIdC\CompilerIdC.vcxproj]
  Creating directory "Debug\CompilerIdC.tlog\".
InitializeBuildStatus:
  Creating "Debug\CompilerIdC.tlog\unsuccessfulbuild" because "AlwaysCreate" was specified.
ClCompile:
  C:\Program Files\Microsoft Visual Studio\2022\Community\VC\Tools\MSVC\14.30.30705\bin\HostX64\x64\CL.exe /c /nologo /W0 /WX- /diagnostics:column /Od /D _MBCS /Gm- /EHsc /RTC1 /MDd /GS /fp:precise /Zc:wchar_t /Zc:forScope /Zc:inline /Fo"Debug\\" /Fd"Debug\vc143.pdb" /external:W0 /Gd /TC /FC /errorReport:queue CMakeCCompilerId.c
  CMakeCCompilerId.c
Link:
  C:\Program Files\Microsoft Visual Studio\2022\Community\VC\Tools\MSVC\14.30.30705\bin\HostX64\x64\link.exe /ERRORREPORT:QUEUE /OUT:".\CompilerIdC.exe" /INCREMENTAL:NO /NOLOGO kernel32.lib user32.lib gdi32.lib winspool.lib comdlg32.lib advapi32.lib shell32.lib ole32.lib oleaut32.lib uuid.lib odbc32.lib odbccp32.lib /MANIFEST /MANIFESTUAC:"level='asInvoker' uiAccess='false'" /manifest:embed /PDB:".\CompilerIdC.pdb" /SUBSYSTEM:CONSOLE /TLBID:1 /DYNAMICBASE /NXCOMPAT /IMPLIB:".\CompilerIdC.lib" /MACHINE:X64 Debug\CMakeCCompilerId.obj
LINK : fatal error LNK1181: cannot open input file 'kernel32.lib' [D:\Python\pi-face-recognition\pi-face-recognition\dlib-19.22.1\build\temp.win-amd64-3.7\Release\CMakeFiles\3.22.0\CompilerIdC\CompilerIdC.vcxproj]
Done Building Project "D:\Python\pi-face-recognition\pi-face-recognition\dlib-19.22.1\build\temp.win-amd64-3.7\Release\CMakeFiles\3.22.0\CompilerIdC\CompilerIdC.vcxproj" (default targets) -- FAILED.

Build FAILED.

"D:\Python\pi-face-recognition\pi-face-recognition\dlib-19.22.1\build\temp.win-amd64-3.7\Release\CMakeFiles\3.22.0\CompilerIdC\CompilerIdC.vcxproj" (default target) (1) ->
(PrepareForBuild target) -> 
  C:\Program Files\Microsoft Visual Studio\2022\Community\MSBuild\Microsoft\VC\v170\Microsoft.CppBuild.targets(492,5): warning MSB8003: The WindowsSDKDir property is not defined. Some build tools may not be found. [D:\Python\pi-face-recognition\pi-face-recognition\dlib-19.22.1\build\temp.win-amd64-3.7\Release\CMakeFiles\3.22.0\CompilerIdC\CompilerIdC.vcxproj]


"D:\Python\pi-face-recognition\pi-face-recognition\dlib-19.22.1\build\temp.win-amd64-3.7\Release\CMakeFiles\3.22.0\CompilerIdC\CompilerIdC.vcxproj" (default target) (1) ->
(Link target) -> 
  LINK : fatal error LNK1181: cannot open input file 'kernel32.lib' [D:\Python\pi-face-recognition\pi-face-recognition\dlib-19.22.1\build\temp.win-amd64-3.7\Release\CMakeFiles\3.22.0\CompilerIdC\CompilerIdC.vcxproj]

    1 Warning(s)
    1 Error(s)

Time Elapsed 00:00:01.41


Compiling the CXX compiler identification source file "CMakeCXXCompilerId.cpp" failed.
Compiler:  
Build flags: 
Id flags:  

The output was:
1
Microsoft (R) Build Engine version 17.0.0+c9eb9dd64 for .NET Framework
Copyright (C) Microsoft Corporation. All rights reserved.

Build started 18/01/2022 5:31:47 PM.
Project "D:\Python\pi-face-recognition\pi-face-recognition\dlib-19.22.1\build\temp.win-amd64-3.7\Release\CMakeFiles\3.22.0\CompilerIdCXX\CompilerIdCXX.vcxproj" on node 1 (default targets).
PrepareForBuild:
  Creating directory "Debug\".
C:\Program Files\Microsoft Visual Studio\2022\Community\MSBuild\Microsoft\VC\v170\Microsoft.CppBuild.targets(492,5): warning MSB8003: The WindowsSDKDir property is not defined. Some build tools may not be found. [D:\Python\pi-face-recognition\pi-face-recognition\dlib-19.22.1\build\temp.win-amd64-3.7\Release\CMakeFiles\3.22.0\CompilerIdCXX\CompilerIdCXX.vcxproj]
  Creating directory "Debug\CompilerIdCXX.tlog\".
InitializeBuildStatus:
  Creating "Debug\CompilerIdCXX.tlog\unsuccessfulbuild" because "AlwaysCreate" was specified.
ClCompile:
  C:\Program Files\Microsoft Visual Studio\2022\Community\VC\Tools\MSVC\14.30.30705\bin\HostX64\x64\CL.exe /c /nologo /W0 /WX- /diagnostics:column /Od /D _MBCS /Gm- /EHsc /RTC1 /MDd /GS /fp:precise /Zc:wchar_t /Zc:forScope /Zc:inline /Fo"Debug\\" /Fd"Debug\vc143.pdb" /external:W0 /Gd /TP /FC /errorReport:queue CMakeCXXCompilerId.cpp
  CMakeCXXCompilerId.cpp
Link:
  C:\Program Files\Microsoft Visual Studio\2022\Community\VC\Tools\MSVC\14.30.30705\bin\HostX64\x64\link.exe /ERRORREPORT:QUEUE /OUT:".\CompilerIdCXX.exe" /INCREMENTAL:NO /NOLOGO kernel32.lib user32.lib gdi32.lib winspool.lib comdlg32.lib advapi32.lib shell32.lib ole32.lib oleaut32.lib uuid.lib odbc32.lib odbccp32.lib /MANIFEST /MANIFESTUAC:"level='asInvoker' uiAccess='false'" /manifest:embed /PDB:".\CompilerIdCXX.pdb" /SUBSYSTEM:CONSOLE /TLBID:1 /DYNAMICBASE /NXCOMPAT /IMPLIB:".\CompilerIdCXX.lib" /MACHINE:X64 Debug\CMakeCXXCompilerId.obj
LINK : fatal error LNK1181: cannot open input file 'kernel32.lib' [D:\Python\pi-face-recognition\pi-face-recognition\dlib-19.22.1\build\temp.win-amd64-3.7\Release\CMakeFiles\3.22.0\CompilerIdCXX\CompilerIdCXX.vcxproj]
Done Building Project "D:\Python\pi-face-recognition\pi-face-recognition\dlib-19.22.1\build\temp.win-amd64-3.7\Release\CMakeFiles\3.22.0\CompilerIdCXX\CompilerIdCXX.vcxproj" (default targets) -- FAILED.

Build FAILED.

"D:\Python\pi-face-recognition\pi-face-recognition\dlib-19.22.1\build\temp.win-amd64-3.7\Release\CMakeFiles\3.22.0\CompilerIdCXX\CompilerIdCXX.vcxproj" (default target) (1) ->
(PrepareForBuild target) -> 
  C:\Program Files\Microsoft Visual Studio\2022\Community\MSBuild\Microsoft\VC\v170\Microsoft.CppBuild.targets(492,5): warning MSB8003: The WindowsSDKDir property is not defined. Some build tools may not be found. [D:\Python\pi-face-recognition\pi-face-recognition\dlib-19.22.1\build\temp.win-amd64-3.7\Release\CMakeFiles\3.22.0\CompilerIdCXX\CompilerIdCXX.vcxproj]


"D:\Python\pi-face-recognition\pi-face-recognition\dlib-19.22.1\build\temp.win-amd64-3.7\Release\CMakeFiles\3.22.0\CompilerIdCXX\CompilerIdCXX.vcxproj" (default target) (1) ->
(Link target) -> 
  LINK : fatal error LNK1181: cannot open input file 'kernel32.lib' [D:\Python\pi-face-recognition\pi-face-recognition\dlib-19.22.1\build\temp.win-amd64-3.7\Release\CMakeFiles\3.22.0\CompilerIdCXX\CompilerIdCXX.vcxproj]

    1 Warning(s)
    1 Error(s)

Time Elapsed 00:00:01.45


Compiling the CXX compiler identification source file "CMakeCXXCompilerId.cpp" failed.
Compiler:  
Build flags: 
Id flags:  

The output was:
1
Microsoft (R) Build Engine version 17.0.0+c9eb9dd64 for .NET Framework
Copyright (C) Microsoft Corporation. All rights reserved.

Build started 18/01/2022 5:31:49 PM.
Project "D:\Python\pi-face-recognition\pi-face-recognition\dlib-19.22.1\build\temp.win-amd64-3.7\Release\CMakeFiles\3.22.0\CompilerIdCXX\CompilerIdCXX.vcxproj" on node 1 (default targets).
PrepareForBuild:
  Creating directory "Debug\".
C:\Program Files\Microsoft Visual Studio\2022\Community\MSBuild\Microsoft\VC\v170\Microsoft.CppBuild.targets(492,5): warning MSB8003: The WindowsSDKDir property is not defined. Some build tools may not be found. [D:\Python\pi-face-recognition\pi-face-recognition\dlib-19.22.1\build\temp.win-amd64-3.7\Release\CMakeFiles\3.22.0\CompilerIdCXX\CompilerIdCXX.vcxproj]
  Creating directory "Debug\CompilerIdCXX.tlog\".
InitializeBuildStatus:
  Creating "Debug\CompilerIdCXX.tlog\unsuccessfulbuild" because "AlwaysCreate" was specified.
ClCompile:
  C:\Program Files\Microsoft Visual Studio\2022\Community\VC\Tools\MSVC\14.30.30705\bin\HostX64\x64\CL.exe /c /nologo /W0 /WX- /diagnostics:column /Od /D _MBCS /Gm- /EHsc /RTC1 /MDd /GS /fp:precise /Zc:wchar_t /Zc:forScope /Zc:inline /Fo"Debug\\" /Fd"Debug\vc143.pdb" /external:W0 /Gd /TP /FC /errorReport:queue CMakeCXXCompilerId.cpp
  CMakeCXXCompilerId.cpp
Link:
  C:\Program Files\Microsoft Visual Studio\2022\Community\VC\Tools\MSVC\14.30.30705\bin\HostX64\x64\link.exe /ERRORREPORT:QUEUE /OUT:".\CompilerIdCXX.exe" /INCREMENTAL:NO /NOLOGO kernel32.lib user32.lib gdi32.lib winspool.lib comdlg32.lib advapi32.lib shell32.lib ole32.lib oleaut32.lib uuid.lib odbc32.lib odbccp32.lib /MANIFEST /MANIFESTUAC:"level='asInvoker' uiAccess='false'" /manifest:embed /PDB:".\CompilerIdCXX.pdb" /SUBSYSTEM:CONSOLE /TLBID:1 /DYNAMICBASE /NXCOMPAT /IMPLIB:".\CompilerIdCXX.lib" /MACHINE:X64 Debug\CMakeCXXCompilerId.obj
LINK : fatal error LNK1181: cannot open input file 'kernel32.lib' [D:\Python\pi-face-recognition\pi-face-recognition\dlib-19.22.1\build\temp.win-amd64-3.7\Release\CMakeFiles\3.22.0\CompilerIdCXX\CompilerIdCXX.vcxproj]
Done Building Project "D:\Python\pi-face-recognition\pi-face-recognition\dlib-19.22.1\build\temp.win-amd64-3.7\Release\CMakeFiles\3.22.0\CompilerIdCXX\CompilerIdCXX.vcxproj" (default targets) -- FAILED.

Build FAILED.

"D:\Python\pi-face-recognition\pi-face-recognition\dlib-19.22.1\build\temp.win-amd64-3.7\Release\CMakeFiles\3.22.0\CompilerIdCXX\CompilerIdCXX.vcxproj" (default target) (1) ->
(PrepareForBuild target) -> 
  C:\Program Files\Microsoft Visual Studio\2022\Community\MSBuild\Microsoft\VC\v170\Microsoft.CppBuild.targets(492,5): warning MSB8003: The WindowsSDKDir property is not defined. Some build tools may not be found. [D:\Python\pi-face-recognition\pi-face-recognition\dlib-19.22.1\build\temp.win-amd64-3.7\Release\CMakeFiles\3.22.0\CompilerIdCXX\CompilerIdCXX.vcxproj]


"D:\Python\pi-face-recognition\pi-face-recognition\dlib-19.22.1\build\temp.win-amd64-3.7\Release\CMakeFiles\3.22.0\CompilerIdCXX\CompilerIdCXX.vcxproj" (default target) (1) ->
(Link target) -> 
  LINK : fatal error LNK1181: cannot open input file 'kernel32.lib' [D:\Python\pi-face-recognition\pi-face-recognition\dlib-19.22.1\build\temp.win-amd64-3.7\Release\CMakeFiles\3.22.0\CompilerIdCXX\CompilerIdCXX.vcxproj]

    1 Warning(s)
    1 Error(s)

Time Elapsed 00:00:01.38


